<?xml version="1.0" encoding="UTF-8"?>
<!-- Generated by org.testng.reporters.JUnitReportReporter -->
<testsuite skipped="0" hostname="DESKTOP-2ITLVTS" name="comm.actitime.testscripts.LoginTest" tests="1" failures="0" timestamp="23 Apr 2020 10:33:46 GMT" time="6.709" errors="0">
  <testcase name="loginTest" time="6.709" classname="comm.actitime.testscripts.LoginTest"/>
</testsuite> <!-- comm.actitime.testscripts.LoginTest -->
